{"level":"info","message":"Info","timestamp":"2018-03-21T15:35:15.343Z"}
{"level":"warn","message":"Warn","timestamp":"2018-03-21T15:35:15.344Z"}
{"level":"error","message":"Error","timestamp":"2018-03-21T15:35:15.344Z"}
{"level":"info","message":"Info","timestamp":"2018-03-21T15:35:39.361Z"}
{"level":"warn","message":"Warn","timestamp":"2018-03-21T15:35:39.362Z"}
{"level":"error","message":"Error","timestamp":"2018-03-21T15:35:39.362Z"}
{"level":"info","message":"Info","timestamp":"2018-03-21T15:36:03.566Z"}
{"level":"warn","message":"Warn","timestamp":"2018-03-21T15:36:03.568Z"}
{"level":"error","message":"Error","timestamp":"2018-03-21T15:36:03.568Z"}
{"level":"info","message":"Info 2","timestamp":"2018-03-21T15:36:03.568Z"}
{"level":"warn","message":"Warn 2","timestamp":"2018-03-21T15:36:03.568Z"}
{"level":"error","message":"Error 2","timestamp":"2018-03-21T15:36:03.568Z"}
{"level":"info","message":"Info","timestamp":"2018-03-21T15:36:27.126Z"}
{"level":"warn","message":"Warn","timestamp":"2018-03-21T15:36:27.128Z"}
{"level":"error","message":"Error","timestamp":"2018-03-21T15:36:27.128Z"}
{"level":"info","message":"Info 2","timestamp":"2018-03-21T15:36:27.128Z"}
{"level":"warn","message":"Warn 2","timestamp":"2018-03-21T15:36:27.128Z"}
{"level":"error","message":"Error 2","timestamp":"2018-03-21T15:36:27.128Z"}
{"message":"mail is not defined","stack":"ReferenceError: mail is not defined\n    at Object.setMail (D:\\coding\\FireLine\\api\\node\\wamp\\api\\profile\\profile.js:25:43)\n    at tryCatchResolve (D:\\coding\\FireLine\\api\\node\\node_modules\\when\\lib\\apply.js:46:23)\n    at callAndResolve (D:\\coding\\FireLine\\api\\node\\node_modules\\when\\lib\\apply.js:30:12)\n    at callAndResolveNext (D:\\coding\\FireLine\\api\\node\\node_modules\\when\\lib\\apply.js:40:4)\n    at tryCatchReject3 (D:\\coding\\FireLine\\api\\node\\node_modules\\when\\lib\\makePromise.js:856:7)\n    at runContinuation3 (D:\\coding\\FireLine\\api\\node\\node_modules\\when\\lib\\makePromise.js:814:4)\n    at Fulfilled.fold (D:\\coding\\FireLine\\api\\node\\node_modules\\when\\lib\\makePromise.js:588:4)\n    at callAndResolve (D:\\coding\\FireLine\\api\\node\\node_modules\\when\\lib\\apply.js:34:12)\n    at callAndResolveNext (D:\\coding\\FireLine\\api\\node\\node_modules\\when\\lib\\apply.js:40:4)\n    at tryCatchReject3 (D:\\coding\\FireLine\\api\\node\\node_modules\\when\\lib\\makePromise.js:856:7)","level":"error","timestamp":"2018-03-22T08:47:52.766Z"}
{"message":"mail is not defined","stack":"ReferenceError: mail is not defined\n    at Object.setMail (D:\\coding\\FireLine\\api\\node\\wamp\\api\\profile\\profile.js:25:43)\n    at tryCatchResolve (D:\\coding\\FireLine\\api\\node\\node_modules\\when\\lib\\apply.js:46:23)\n    at callAndResolve (D:\\coding\\FireLine\\api\\node\\node_modules\\when\\lib\\apply.js:30:12)\n    at callAndResolveNext (D:\\coding\\FireLine\\api\\node\\node_modules\\when\\lib\\apply.js:40:4)\n    at tryCatchReject3 (D:\\coding\\FireLine\\api\\node\\node_modules\\when\\lib\\makePromise.js:856:7)\n    at runContinuation3 (D:\\coding\\FireLine\\api\\node\\node_modules\\when\\lib\\makePromise.js:814:4)\n    at Fulfilled.fold (D:\\coding\\FireLine\\api\\node\\node_modules\\when\\lib\\makePromise.js:588:4)\n    at callAndResolve (D:\\coding\\FireLine\\api\\node\\node_modules\\when\\lib\\apply.js:34:12)\n    at callAndResolveNext (D:\\coding\\FireLine\\api\\node\\node_modules\\when\\lib\\apply.js:40:4)\n    at tryCatchReject3 (D:\\coding\\FireLine\\api\\node\\node_modules\\when\\lib\\makePromise.js:856:7)","level":"error","timestamp":"2018-03-22T08:48:40.990Z"}
{"message":"mail is not defined","stack":"ReferenceError: mail is not defined\n    at Object.setMail (D:\\coding\\FireLine\\api\\node\\wamp\\api\\profile\\profile.js:33:25)\n    at tryCatchResolve (D:\\coding\\FireLine\\api\\node\\node_modules\\when\\lib\\apply.js:46:23)\n    at callAndResolve (D:\\coding\\FireLine\\api\\node\\node_modules\\when\\lib\\apply.js:30:12)\n    at callAndResolveNext (D:\\coding\\FireLine\\api\\node\\node_modules\\when\\lib\\apply.js:40:4)\n    at tryCatchReject3 (D:\\coding\\FireLine\\api\\node\\node_modules\\when\\lib\\makePromise.js:856:7)\n    at runContinuation3 (D:\\coding\\FireLine\\api\\node\\node_modules\\when\\lib\\makePromise.js:814:4)\n    at Fulfilled.fold (D:\\coding\\FireLine\\api\\node\\node_modules\\when\\lib\\makePromise.js:588:4)\n    at callAndResolve (D:\\coding\\FireLine\\api\\node\\node_modules\\when\\lib\\apply.js:34:12)\n    at callAndResolveNext (D:\\coding\\FireLine\\api\\node\\node_modules\\when\\lib\\apply.js:40:4)\n    at tryCatchReject3 (D:\\coding\\FireLine\\api\\node\\node_modules\\when\\lib\\makePromise.js:856:7)","level":"error","timestamp":"2018-03-22T08:50:50.655Z"}
{"level":"error","message":"Internal Error (1005)","timestamp":"2018-03-22T08:51:31.451Z"}
{"level":"verbose","message":"Validation error","timestamp":"2018-03-22T08:51:53.089Z"}
{"error":"io.fireline.error.form_values","args":[{"mail":[" is not a valid EMail"]}],"kwargs":{},"level":"error","message":"","timestamp":"2018-03-22T08:51:53.090Z"}
{"level":"verbose","message":"Validation error","timestamp":"2018-03-22T08:54:02.096Z"}
{"error":"io.fireline.error.form_values","args":[{"mail":["You must enter a mail address"," is not a valid EMail"]}],"kwargs":{},"level":"error","message":"","timestamp":"2018-03-22T08:54:02.097Z"}
{"level":"verbose","message":"Validation error","timestamp":"2018-03-22T08:54:36.883Z"}
{"error":"io.fireline.error.form_values","args":[{"mail":["You must enter a mail address"]}],"kwargs":{},"level":"error","message":"","timestamp":"2018-03-22T08:54:36.884Z"}
{"level":"verbose","message":"Validation error","timestamp":"2018-03-22T08:54:50.547Z"}
{"error":"io.fireline.error.form_values","args":[{"mail":["You must enter a mail address"," is not a valid EMail"]}],"kwargs":{},"level":"error","message":"","timestamp":"2018-03-22T08:54:50.548Z"}
{"level":"verbose","message":"Validation error","timestamp":"2018-03-22T09:06:33.094Z"}
